[2016-05-14 17:30:53.032] [INFO] fileLog - sheilaa  &新注册用户|[2016-05-14 21:09:03.155] [INFO] fileLog - 代惠敏&制作了销售表单HPS9865|
[2016-05-14 22:16:50.461] [INFO] fileLog - admin&新建了订单详情57371d570133fb7c1be6722c|
[2016-05-14 22:22:01.739] [INFO] fileLog - admin&新建了订单详情57371d670133fb7c1be6722d|
[2016-05-14 22:35:02.808] [INFO] fileLog - admin&修改了订单详情57371d570133fb7c1be6722c|
[2016-05-14 22:36:24.337] [INFO] fileLog - admin&修改了订单详情57371d570133fb7c1be6722c|
[2016-05-14 22:36:41.132] [INFO] fileLog - admin&修改了订单详情57371d570133fb7c1be6722c|
[2016-05-14 22:42:45.907] [INFO] fileLog - admin&修改了订单详情57371d570133fb7c1be6722c|
[2016-05-14 22:43:39.728] [INFO] fileLog - admin&修改了订单详情57371d570133fb7c1be6722c|
[2016-05-14 22:44:26.845] [INFO] fileLog - admin&修改了订单详情57371d570133fb7c1be6722c|
[2016-05-14 22:45:13.836] [INFO] fileLog - admin&修改了订单详情57371d570133fb7c1be6722c|
[2016-05-14 22:46:12.254] [INFO] fileLog - admin&修改了订单详情57371d570133fb7c1be6722c|
[2016-05-14 22:47:54.741] [INFO] fileLog - admin&修改了订单详情57371d570133fb7c1be6722c|
[2016-05-14 23:03:31.748] [INFO] fileLog - admin&制作了销售表单HPS9865|
[2016-05-14 23:04:28.135] [INFO] fileLog - admin&制作了销售表单HPS9865|
[2016-05-14 23:05:43.905] [INFO] fileLog - admin&制作了销售表单HPS9865|
[2016-05-14 23:08:33.654] [INFO] fileLog - admin&制作了销售表单HPS9865|
[2016-05-14 23:08:58.142] [INFO] fileLog - admin&制作了销售表单HPS9865|
[2016-05-14 23:17:04.844] [INFO] fileLog - admin&制作了销售表单HPS9865|
[2016-05-14 23:19:04.700] [INFO] fileLog - admin&制作了销售表单HPS9865|
[2016-05-14 23:19:17.075] [INFO] fileLog - admin&修改了订单详情57371d570133fb7c1be6722c|
[2016-05-14 23:19:20.624] [INFO] fileLog - admin&修改了订单详情57371d570133fb7c1be6722c|
[2016-05-14 23:21:38.446] [INFO] fileLog - admin&修改了订单详情57371d570133fb7c1be6722c|
[2016-05-14 23:21:49.135] [INFO] fileLog - admin&修改了订单详情57371d570133fb7c1be6722c|
[2016-05-14 23:22:09.394] [INFO] fileLog - admin&修改了订单详情57371d570133fb7c1be6722c|
[2016-05-14 23:22:14.693] [INFO] fileLog - admin&新建了订单详情|
[2016-05-14 23:32:07.505] [INFO] fileLog - admin&新建了订单详情5737229bae3cca98146e2395|
[2016-05-14 23:33:53.190] [INFO] fileLog - admin&新建了订单详情573722eb9217ac602961387b|
[2016-05-14 23:33:59.458] [INFO] fileLog - admin&修改了订单详情5737229bae3cca98146e2395|
[2016-05-14 23:35:41.276] [INFO] fileLog - admin&修改了订单详情57371d570133fb7c1be6722c|
[2016-05-14 23:36:49.699] [INFO] fileLog - admin&修改了订单详情57371d570133fb7c1be6722c|
[2016-05-14 23:38:01.835] [INFO] fileLog - admin&修改了订单详情57371d670133fb7c1be6722d|
[2016-05-14 23:42:08.110] [INFO] fileLog - admin&修改了订单详情57371d570133fb7c1be6722c|
[2016-05-14 23:46:52.637] [INFO] fileLog - admin&修改了订单详情57371d570133fb7c1be6722c|
[2016-05-14 23:47:52.905] [INFO] fileLog - admin&修改了订单详情57371d570133fb7c1be6722c|
[2016-05-14 23:48:13.604] [INFO] fileLog - admin&修改了订单详情57371d570133fb7c1be6722c|
[2016-05-14 23:48:21.787] [INFO] fileLog - admin&修改了订单详情57371d570133fb7c1be6722c|
[2016-05-14 23:51:06.296] [INFO] fileLog - admin&修改了订单详情57371d570133fb7c1be6722c|
[2016-05-14 23:51:09.786] [INFO] fileLog - admin&修改了订单详情57371d570133fb7c1be6722c|
[2016-05-14 23:51:52.779] [INFO] fileLog - admin&修改了订单详情57371d570133fb7c1be6722c|
[2016-05-14 23:51:56.817] [INFO] fileLog - admin&修改了订单详情|
[2016-05-14 23:52:08.000] [INFO] fileLog - admin&修改了订单详情5737229bae3cca98146e2395|
[2016-05-14 23:52:22.961] [INFO] fileLog - admin&新建了订单详情57373e434532e76c1e14992e|
[2016-05-14 23:53:04.804] [INFO] fileLog - admin&新建了订单详情573722645523b3d40dad0ff9|
[2016-05-14 23:55:11.297] [INFO] fileLog - admin&新建了订单详情5737236f980869a02a71bb83|
[2016-05-14 23:55:55.130] [INFO] fileLog - admin&修改了订单详情5737236f980869a02a71bb83|
[2016-05-14 23:56:14.746] [INFO] fileLog - admin&修改了订单详情57371d570133fb7c1be6722c|
[2016-05-14 23:56:49.632] [INFO] fileLog - admin&修改了订单详情57371d670133fb7c1be6722d|
[2016-05-14 23:57:16.091] [INFO] fileLog - admin&修改了订单详情57371d670133fb7c1be6722d|
[2016-05-14 23:58:02.326] [INFO] fileLog - admin&修改了订单详情57371d570133fb7c1be6722c|
[2016-05-14 23:58:35.936] [INFO] fileLog - admin&修改了订单详情57371d570133fb7c1be6722c|
[2016-05-15 00:00:32.644] [INFO] fileLog - admin&修改了订单详情57371d570133fb7c1be6722c|
[2016-05-15 00:00:50.016] [INFO] fileLog - admin&新建了订单详情573721318ce186b40c82d08b|
[2016-05-15 00:01:40.819] [INFO] fileLog - admin&修改了订单详情573721318ce186b40c82d08b|
[2016-05-15 00:04:28.109] [INFO] fileLog - admin&修改了订单详情57371d670133fb7c1be6722d|
[2016-05-15 00:06:07.863] [INFO] fileLog - admin&新建了订单详情57371fb38632bad029b0881a|
[2016-05-15 00:06:20.578] [INFO] fileLog - admin&修改了订单详情57371d670133fb7c1be6722d|
[2016-05-15 00:08:24.732] [INFO] fileLog - admin&修改了订单详情57371d570133fb7c1be6722c|
[2016-05-15 11:27:50.243] [INFO] fileLog - admin&审批了销售单57371d670133fb7c1be6722d|
[2016-05-15 11:28:00.674] [INFO] fileLog - admin&审批了销售单57371fb38632bad029b0881a|
[2016-05-15 11:30:07.238] [INFO] fileLog - admin&审批了销售单5737229bae3cca98146e2395|
[2016-05-15 11:30:11.293] [INFO] fileLog - admin&审批了销售单57371fb38632bad029b0881a|
[2016-05-15 11:30:14.344] [INFO] fileLog - admin&审批了销售单57371d670133fb7c1be6722d|
[2016-05-15 11:53:35.042] [INFO] fileLog - admin&审批了销售单573721318ce186b40c82d08b|
[2016-05-15 11:53:45.131] [INFO] fileLog - admin&审批了销售单573722645523b3d40dad0ff9|
